2019-09-17 22:12:09,315 - WARNING - Not Found: /dictionary/protected_media/
2019-09-17 22:12:09,320 - WARNING - Not Found: /dictionary/protected_media/
2019-09-17 22:12:09,331 - WARNING - Not Found: /dictionary/protected_media/
2019-09-17 22:12:09,336 - WARNING - Not Found: /dictionary/protected_media/
2019-09-17 22:12:09,345 - WARNING - Not Found: /dictionary/protected_media/
2019-09-17 22:12:09,391 - WARNING - Not Found: /dictionary/protected_media/
2019-09-17 22:12:09,562 - WARNING - Not Found: /dictionary/protected_media/
2019-09-17 22:12:09,578 - WARNING - Not Found: /dictionary/protected_media/
2019-09-17 22:12:09,580 - WARNING - Not Found: /dictionary/protected_media/
2019-09-17 22:12:09,586 - WARNING - Not Found: /dictionary/protected_media/
2019-09-17 22:12:09,589 - WARNING - Not Found: /dictionary/protected_media/
2019-09-17 22:12:09,634 - WARNING - Not Found: /dictionary/protected_media/
2019-09-17 22:12:09,803 - WARNING - Not Found: /dictionary/protected_media/
2019-09-17 22:12:09,813 - WARNING - Not Found: /dictionary/protected_media/
2019-09-17 22:12:09,815 - WARNING - Not Found: /dictionary/protected_media/
2019-09-17 22:12:09,816 - WARNING - Not Found: /dictionary/protected_media/
2019-09-17 22:12:09,818 - WARNING - Not Found: /dictionary/protected_media/
2019-09-17 22:12:09,869 - WARNING - Not Found: /dictionary/protected_media/
2019-09-17 22:12:09,907 - WARNING - Not Found: /dictionary/protected_media/
2019-09-17 22:12:09,917 - WARNING - Not Found: /dictionary/protected_media/None/
2019-09-17 22:13:51,743 - WARNING - Not Found: /dictionary/protected_media/None/
2019-09-17 22:13:55,113 - WARNING - Not Found: /dictionary/protected_media/None/
2019-09-17 22:55:42,410 - WARNING - Not Found: /dictionary/protected_media/
2019-09-17 22:55:42,414 - WARNING - Not Found: /dictionary/protected_media/
2019-09-17 22:55:42,418 - WARNING - Not Found: /dictionary/protected_media/
2019-09-17 22:55:42,447 - WARNING - Not Found: /dictionary/protected_media/
2019-09-17 22:55:42,458 - WARNING - Not Found: /dictionary/protected_media/
2019-09-17 22:55:42,490 - WARNING - Not Found: /dictionary/protected_media/
2019-09-17 22:55:42,627 - WARNING - Not Found: /dictionary/protected_media/
2019-09-17 22:55:42,648 - WARNING - Not Found: /dictionary/protected_media/
2019-09-17 22:55:42,675 - WARNING - Not Found: /dictionary/protected_media/
2019-09-17 22:55:42,676 - WARNING - Not Found: /dictionary/protected_media/
2019-09-17 22:55:42,711 - WARNING - Not Found: /dictionary/protected_media/
2019-09-17 22:55:42,745 - WARNING - Not Found: /dictionary/protected_media/
2019-09-17 22:55:42,873 - WARNING - Not Found: /dictionary/protected_media/
2019-09-17 22:55:42,907 - WARNING - Not Found: /dictionary/protected_media/
2019-09-17 22:55:42,959 - WARNING - Not Found: /dictionary/protected_media/
2019-09-17 22:55:42,974 - WARNING - Not Found: /dictionary/protected_media/
2019-09-17 22:55:43,020 - WARNING - Not Found: /dictionary/protected_media/
2019-09-17 22:55:43,050 - WARNING - Not Found: /dictionary/protected_media/
2019-09-17 22:55:43,088 - WARNING - Not Found: /dictionary/protected_media/
2019-09-17 22:55:43,091 - WARNING - Not Found: /dictionary/protected_media/None/
2019-09-17 23:12:21,004 - WARNING - Not Found: /dictionary/protected_media/None/
2019-09-17 23:12:21,355 - WARNING - Not Found: /dictionary/protected_media/
2019-09-17 23:12:21,362 - WARNING - Not Found: /dictionary/protected_media/
2019-09-17 23:12:21,378 - WARNING - Not Found: /dictionary/protected_media/
2019-09-17 23:12:21,391 - WARNING - Not Found: /dictionary/protected_media/
2019-09-17 23:12:21,400 - WARNING - Not Found: /dictionary/protected_media/
2019-09-17 23:12:21,440 - WARNING - Not Found: /dictionary/protected_media/
2019-09-17 23:12:21,567 - WARNING - Not Found: /dictionary/protected_media/
2019-09-17 23:12:21,618 - WARNING - Not Found: /dictionary/protected_media/
2019-09-17 23:12:21,628 - WARNING - Not Found: /dictionary/protected_media/
2019-09-17 23:12:21,629 - WARNING - Not Found: /dictionary/protected_media/
2019-09-17 23:12:21,647 - WARNING - Not Found: /dictionary/protected_media/
2019-09-17 23:12:21,671 - WARNING - Not Found: /dictionary/protected_media/
2019-09-17 23:12:21,834 - WARNING - Not Found: /dictionary/protected_media/
2019-09-17 23:12:21,856 - WARNING - Not Found: /dictionary/protected_media/
2019-09-17 23:12:21,857 - WARNING - Not Found: /dictionary/protected_media/
2019-09-17 23:12:21,865 - WARNING - Not Found: /dictionary/protected_media/
2019-09-17 23:12:21,879 - WARNING - Not Found: /dictionary/protected_media/
2019-09-17 23:12:21,882 - WARNING - Not Found: /dictionary/protected_media/
2019-09-17 23:12:21,923 - WARNING - Not Found: /dictionary/protected_media/
2019-09-17 23:16:00,994 - WARNING - Not Found: /dictionary/protected_media/
2019-09-17 23:16:01,012 - WARNING - Not Found: /dictionary/protected_media/
2019-09-17 23:16:01,024 - WARNING - Not Found: /dictionary/protected_media/
2019-09-17 23:16:01,028 - WARNING - Not Found: /dictionary/protected_media/
2019-09-17 23:16:01,067 - WARNING - Not Found: /dictionary/protected_media/
2019-09-17 23:16:01,081 - WARNING - Not Found: /dictionary/protected_media/
2019-09-17 23:16:01,214 - WARNING - Not Found: /dictionary/protected_media/
2019-09-17 23:16:01,219 - WARNING - Not Found: /dictionary/protected_media/
2019-09-17 23:16:01,281 - WARNING - Not Found: /dictionary/protected_media/
2019-09-17 23:16:01,297 - WARNING - Not Found: /dictionary/protected_media/
2019-09-17 23:16:01,315 - WARNING - Not Found: /dictionary/protected_media/
2019-09-17 23:16:01,357 - WARNING - Not Found: /dictionary/protected_media/
2019-09-17 23:16:01,454 - WARNING - Not Found: /dictionary/protected_media/
2019-09-17 23:16:01,456 - WARNING - Not Found: /dictionary/protected_media/
2019-09-17 23:16:01,514 - WARNING - Not Found: /dictionary/protected_media/
2019-09-17 23:16:01,537 - WARNING - Not Found: /dictionary/protected_media/
2019-09-17 23:16:01,564 - WARNING - Not Found: /dictionary/protected_media/
2019-09-17 23:16:01,568 - WARNING - Not Found: /dictionary/protected_media/
2019-09-17 23:16:01,613 - WARNING - Not Found: /dictionary/protected_media/
2019-09-17 23:16:01,619 - WARNING - Not Found: /dictionary/protected_media/None/
2019-09-17 23:16:36,201 - WARNING - Not Found: /dictionary/protected_media/None/
2019-09-17 23:16:36,546 - WARNING - Not Found: /dictionary/protected_media/
2019-09-17 23:16:36,569 - WARNING - Not Found: /dictionary/protected_media/
2019-09-17 23:16:36,593 - WARNING - Not Found: /dictionary/protected_media/
2019-09-17 23:16:36,594 - WARNING - Not Found: /dictionary/protected_media/
2019-09-17 23:16:36,612 - WARNING - Not Found: /dictionary/protected_media/
2019-09-17 23:16:36,614 - WARNING - Not Found: /dictionary/protected_media/
2019-09-17 23:16:36,766 - WARNING - Not Found: /dictionary/protected_media/
2019-09-17 23:16:36,790 - WARNING - Not Found: /dictionary/protected_media/
2019-09-17 23:16:36,826 - WARNING - Not Found: /dictionary/protected_media/
2019-09-17 23:16:36,848 - WARNING - Not Found: /dictionary/protected_media/
2019-09-17 23:16:36,850 - WARNING - Not Found: /dictionary/protected_media/
2019-09-17 23:16:36,851 - WARNING - Not Found: /dictionary/protected_media/
2019-09-17 23:16:36,975 - WARNING - Not Found: /dictionary/protected_media/
2019-09-17 23:16:37,058 - WARNING - Not Found: /dictionary/protected_media/
2019-09-17 23:16:37,058 - WARNING - Not Found: /dictionary/protected_media/
2019-09-17 23:16:37,059 - WARNING - Not Found: /dictionary/protected_media/
2019-09-17 23:16:37,075 - WARNING - Not Found: /dictionary/protected_media/
2019-09-17 23:16:37,094 - WARNING - Not Found: /dictionary/protected_media/
2019-09-17 23:16:37,111 - WARNING - Not Found: /dictionary/protected_media/
2019-09-17 23:16:47,976 - WARNING - Not Found: /dictionary/protected_media/None/
2019-09-17 23:16:48,300 - WARNING - Not Found: /dictionary/protected_media/
2019-09-17 23:16:48,310 - WARNING - Not Found: /dictionary/protected_media/
2019-09-17 23:16:48,353 - WARNING - Not Found: /dictionary/protected_media/
2019-09-17 23:16:48,356 - WARNING - Not Found: /dictionary/protected_media/
2019-09-17 23:16:48,366 - WARNING - Not Found: /dictionary/protected_media/
2019-09-17 23:16:48,368 - WARNING - Not Found: /dictionary/protected_media/
2019-09-17 23:16:48,538 - WARNING - Not Found: /dictionary/protected_media/
2019-09-17 23:16:48,539 - WARNING - Not Found: /dictionary/protected_media/
2019-09-17 23:16:48,563 - WARNING - Not Found: /dictionary/protected_media/
2019-09-17 23:16:48,564 - WARNING - Not Found: /dictionary/protected_media/
2019-09-17 23:16:48,588 - WARNING - Not Found: /dictionary/protected_media/
2019-09-17 23:16:48,597 - WARNING - Not Found: /dictionary/protected_media/
2019-09-17 23:16:48,745 - WARNING - Not Found: /dictionary/protected_media/
2019-09-17 23:16:48,780 - WARNING - Not Found: /dictionary/protected_media/
2019-09-17 23:16:48,798 - WARNING - Not Found: /dictionary/protected_media/
2019-09-17 23:16:48,798 - WARNING - Not Found: /dictionary/protected_media/
2019-09-17 23:16:48,819 - WARNING - Not Found: /dictionary/protected_media/
2019-09-17 23:16:48,819 - WARNING - Not Found: /dictionary/protected_media/
2019-09-17 23:16:48,849 - WARNING - Not Found: /dictionary/protected_media/
2019-09-17 23:17:01,525 - WARNING - Not Found: /dictionary/protected_media/None/
2019-09-17 23:17:01,882 - WARNING - Not Found: /dictionary/protected_media/
2019-09-17 23:17:01,903 - WARNING - Not Found: /dictionary/protected_media/
2019-09-17 23:17:01,921 - WARNING - Not Found: /dictionary/protected_media/
2019-09-17 23:17:01,923 - WARNING - Not Found: /dictionary/protected_media/
2019-09-17 23:17:01,925 - WARNING - Not Found: /dictionary/protected_media/
2019-09-17 23:17:01,927 - WARNING - Not Found: /dictionary/protected_media/
2019-09-17 23:17:02,119 - WARNING - Not Found: /dictionary/protected_media/
2019-09-17 23:17:02,120 - WARNING - Not Found: /dictionary/protected_media/
2019-09-17 23:17:02,143 - WARNING - Not Found: /dictionary/protected_media/
2019-09-17 23:17:02,151 - WARNING - Not Found: /dictionary/protected_media/
2019-09-17 23:17:02,151 - WARNING - Not Found: /dictionary/protected_media/
2019-09-17 23:17:02,169 - WARNING - Not Found: /dictionary/protected_media/
2019-09-17 23:17:02,334 - WARNING - Not Found: /dictionary/protected_media/
2019-09-17 23:17:02,336 - WARNING - Not Found: /dictionary/protected_media/
2019-09-17 23:17:02,368 - WARNING - Not Found: /dictionary/protected_media/
2019-09-17 23:17:02,377 - WARNING - Not Found: /dictionary/protected_media/
2019-09-17 23:17:02,390 - WARNING - Not Found: /dictionary/protected_media/
2019-09-17 23:17:02,392 - WARNING - Not Found: /dictionary/protected_media/
2019-09-17 23:17:02,429 - WARNING - Not Found: /dictionary/protected_media/
2019-09-17 23:18:06,471 - WARNING - Not Found: /dictionary/protected_media/None/
2019-09-17 23:18:06,809 - WARNING - Not Found: /dictionary/protected_media/
2019-09-17 23:18:06,810 - WARNING - Not Found: /dictionary/protected_media/
2019-09-17 23:18:06,812 - WARNING - Not Found: /dictionary/protected_media/
2019-09-17 23:18:06,819 - WARNING - Not Found: /dictionary/protected_media/
2019-09-17 23:18:06,838 - WARNING - Not Found: /dictionary/protected_media/
2019-09-17 23:18:06,841 - WARNING - Not Found: /dictionary/protected_media/
2019-09-17 23:18:07,011 - WARNING - Not Found: /dictionary/protected_media/
2019-09-17 23:18:07,048 - WARNING - Not Found: /dictionary/protected_media/
2019-09-17 23:18:07,054 - WARNING - Not Found: /dictionary/protected_media/
2019-09-17 23:18:07,055 - WARNING - Not Found: /dictionary/protected_media/
2019-09-17 23:18:07,070 - WARNING - Not Found: /dictionary/protected_media/
2019-09-17 23:18:07,071 - WARNING - Not Found: /dictionary/protected_media/
2019-09-17 23:18:07,266 - WARNING - Not Found: /dictionary/protected_media/
2019-09-17 23:18:07,271 - WARNING - Not Found: /dictionary/protected_media/
2019-09-17 23:18:07,276 - WARNING - Not Found: /dictionary/protected_media/
2019-09-17 23:18:07,294 - WARNING - Not Found: /dictionary/protected_media/
2019-09-17 23:18:07,335 - WARNING - Not Found: /dictionary/protected_media/
2019-09-17 23:18:07,341 - WARNING - Not Found: /dictionary/protected_media/
2019-09-17 23:18:07,395 - WARNING - Not Found: /dictionary/protected_media/
2019-09-17 23:18:21,660 - WARNING - Not Found: /dictionary/protected_media/None/
2019-09-17 23:18:22,041 - WARNING - Not Found: /dictionary/protected_media/
2019-09-17 23:18:22,042 - WARNING - Not Found: /dictionary/protected_media/
2019-09-17 23:18:22,044 - WARNING - Not Found: /dictionary/protected_media/
2019-09-17 23:18:22,054 - WARNING - Not Found: /dictionary/protected_media/
2019-09-17 23:18:22,055 - WARNING - Not Found: /dictionary/protected_media/
2019-09-17 23:18:22,056 - WARNING - Not Found: /dictionary/protected_media/
2019-09-17 23:18:22,306 - WARNING - Not Found: /dictionary/protected_media/
2019-09-17 23:18:22,321 - WARNING - Not Found: /dictionary/protected_media/
2019-09-17 23:18:22,343 - WARNING - Not Found: /dictionary/protected_media/
2019-09-17 23:18:22,349 - WARNING - Not Found: /dictionary/protected_media/
2019-09-17 23:18:22,364 - WARNING - Not Found: /dictionary/protected_media/
2019-09-17 23:18:22,375 - WARNING - Not Found: /dictionary/protected_media/
2019-09-17 23:18:22,615 - WARNING - Not Found: /dictionary/protected_media/
2019-09-17 23:18:22,636 - WARNING - Not Found: /dictionary/protected_media/
2019-09-17 23:18:22,639 - WARNING - Not Found: /dictionary/protected_media/
2019-09-17 23:18:22,639 - WARNING - Not Found: /dictionary/protected_media/
2019-09-17 23:18:22,660 - WARNING - Not Found: /dictionary/protected_media/
2019-09-17 23:18:22,663 - WARNING - Not Found: /dictionary/protected_media/
2019-09-17 23:18:22,707 - WARNING - Not Found: /dictionary/protected_media/
2019-09-17 23:18:33,899 - WARNING - Not Found: /dictionary/protected_media/None/
2019-09-17 23:18:34,284 - WARNING - Not Found: /dictionary/protected_media/
2019-09-17 23:18:34,294 - WARNING - Not Found: /dictionary/protected_media/
2019-09-17 23:18:34,322 - WARNING - Not Found: /dictionary/protected_media/
2019-09-17 23:18:34,323 - WARNING - Not Found: /dictionary/protected_media/
2019-09-17 23:18:34,324 - WARNING - Not Found: /dictionary/protected_media/
2019-09-17 23:18:34,339 - WARNING - Not Found: /dictionary/protected_media/
2019-09-17 23:18:34,542 - WARNING - Not Found: /dictionary/protected_media/
2019-09-17 23:18:34,555 - WARNING - Not Found: /dictionary/protected_media/
2019-09-17 23:18:34,570 - WARNING - Not Found: /dictionary/protected_media/
2019-09-17 23:18:34,574 - WARNING - Not Found: /dictionary/protected_media/
2019-09-17 23:18:34,583 - WARNING - Not Found: /dictionary/protected_media/
2019-09-17 23:18:34,597 - WARNING - Not Found: /dictionary/protected_media/
2019-09-17 23:18:34,781 - WARNING - Not Found: /dictionary/protected_media/
2019-09-17 23:18:34,799 - WARNING - Not Found: /dictionary/protected_media/
2019-09-17 23:18:34,799 - WARNING - Not Found: /dictionary/protected_media/
2019-09-17 23:18:34,809 - WARNING - Not Found: /dictionary/protected_media/
2019-09-17 23:18:34,814 - WARNING - Not Found: /dictionary/protected_media/
2019-09-17 23:18:34,815 - WARNING - Not Found: /dictionary/protected_media/
2019-09-17 23:18:34,860 - WARNING - Not Found: /dictionary/protected_media/
2019-09-17 23:18:41,691 - WARNING - Not Found: /dictionary/protected_media/None/
2019-09-17 23:18:42,014 - WARNING - Not Found: /dictionary/protected_media/
2019-09-17 23:18:42,037 - WARNING - Not Found: /dictionary/protected_media/
2019-09-17 23:18:42,067 - WARNING - Not Found: /dictionary/protected_media/
2019-09-17 23:18:42,095 - WARNING - Not Found: /dictionary/protected_media/
2019-09-17 23:18:42,119 - WARNING - Not Found: /dictionary/protected_media/
2019-09-17 23:18:42,134 - WARNING - Not Found: /dictionary/protected_media/
2019-09-17 23:18:42,249 - WARNING - Not Found: /dictionary/protected_media/
2019-09-17 23:18:42,251 - WARNING - Not Found: /dictionary/protected_media/
2019-09-17 23:18:42,313 - WARNING - Not Found: /dictionary/protected_media/
2019-09-17 23:18:42,319 - WARNING - Not Found: /dictionary/protected_media/
2019-09-17 23:18:42,327 - WARNING - Not Found: /dictionary/protected_media/
2019-09-17 23:18:42,363 - WARNING - Not Found: /dictionary/protected_media/
2019-09-17 23:18:42,461 - WARNING - Not Found: /dictionary/protected_media/
2019-09-17 23:18:42,529 - WARNING - Not Found: /dictionary/protected_media/
2019-09-17 23:18:42,541 - WARNING - Not Found: /dictionary/protected_media/
2019-09-17 23:18:42,559 - WARNING - Not Found: /dictionary/protected_media/
2019-09-17 23:18:42,599 - WARNING - Not Found: /dictionary/protected_media/
2019-09-17 23:18:42,623 - WARNING - Not Found: /dictionary/protected_media/
2019-09-17 23:18:42,634 - WARNING - Not Found: /dictionary/protected_media/
2019-09-17 23:19:32,018 - WARNING - Not Found: /dictionary/protected_media/None/
2019-09-17 23:19:32,341 - WARNING - Not Found: /dictionary/protected_media/
2019-09-17 23:19:32,361 - WARNING - Not Found: /dictionary/protected_media/
2019-09-17 23:19:32,377 - WARNING - Not Found: /dictionary/protected_media/
2019-09-17 23:19:32,386 - WARNING - Not Found: /dictionary/protected_media/
2019-09-17 23:19:32,397 - WARNING - Not Found: /dictionary/protected_media/
2019-09-17 23:19:32,405 - WARNING - Not Found: /dictionary/protected_media/
2019-09-17 23:19:32,570 - WARNING - Not Found: /dictionary/protected_media/
2019-09-17 23:19:32,570 - WARNING - Not Found: /dictionary/protected_media/
2019-09-17 23:19:32,596 - WARNING - Not Found: /dictionary/protected_media/
2019-09-17 23:19:32,597 - WARNING - Not Found: /dictionary/protected_media/
2019-09-17 23:19:32,638 - WARNING - Not Found: /dictionary/protected_media/
2019-09-17 23:19:32,665 - WARNING - Not Found: /dictionary/protected_media/
2019-09-17 23:19:32,773 - WARNING - Not Found: /dictionary/protected_media/
2019-09-17 23:19:32,817 - WARNING - Not Found: /dictionary/protected_media/
2019-09-17 23:19:32,820 - WARNING - Not Found: /dictionary/protected_media/
2019-09-17 23:19:32,824 - WARNING - Not Found: /dictionary/protected_media/
2019-09-17 23:19:32,850 - WARNING - Not Found: /dictionary/protected_media/
2019-09-17 23:19:32,860 - WARNING - Not Found: /dictionary/protected_media/
2019-09-17 23:19:32,890 - WARNING - Not Found: /dictionary/protected_media/
2019-09-17 23:19:53,523 - WARNING - Not Found: /dictionary/protected_media/None/
2019-09-17 23:19:53,884 - WARNING - Not Found: /dictionary/protected_media/
2019-09-17 23:19:53,889 - WARNING - Not Found: /dictionary/protected_media/
2019-09-17 23:19:53,889 - WARNING - Not Found: /dictionary/protected_media/
2019-09-17 23:19:53,902 - WARNING - Not Found: /dictionary/protected_media/
2019-09-17 23:19:53,909 - WARNING - Not Found: /dictionary/protected_media/
2019-09-17 23:19:53,913 - WARNING - Not Found: /dictionary/protected_media/
2019-09-17 23:19:54,076 - WARNING - Not Found: /dictionary/protected_media/
2019-09-17 23:19:54,108 - WARNING - Not Found: /dictionary/protected_media/
2019-09-17 23:19:54,145 - WARNING - Not Found: /dictionary/protected_media/
2019-09-17 23:19:54,150 - WARNING - Not Found: /dictionary/protected_media/
2019-09-17 23:19:54,152 - WARNING - Not Found: /dictionary/protected_media/
2019-09-17 23:19:54,157 - WARNING - Not Found: /dictionary/protected_media/
2019-09-17 23:19:54,276 - WARNING - Not Found: /dictionary/protected_media/
2019-09-17 23:19:54,342 - WARNING - Not Found: /dictionary/protected_media/
2019-09-17 23:19:54,354 - WARNING - Not Found: /dictionary/protected_media/
2019-09-17 23:19:54,367 - WARNING - Not Found: /dictionary/protected_media/
2019-09-17 23:19:54,396 - WARNING - Not Found: /dictionary/protected_media/
2019-09-17 23:19:54,399 - WARNING - Not Found: /dictionary/protected_media/
2019-09-17 23:19:54,424 - WARNING - Not Found: /dictionary/protected_media/
2019-09-19 22:21:20,224 - WARNING - Not Found: /dictionary/protected_media/
2019-09-19 22:21:20,268 - WARNING - Not Found: /dictionary/protected_media/
2019-09-19 22:21:20,270 - WARNING - Not Found: /dictionary/protected_media/
2019-09-19 22:21:20,280 - WARNING - Not Found: /dictionary/protected_media/
2019-09-19 22:21:20,302 - WARNING - Not Found: /dictionary/protected_media/
2019-09-19 22:21:20,303 - WARNING - Not Found: /dictionary/protected_media/
2019-09-19 22:21:20,453 - WARNING - Not Found: /dictionary/protected_media/
2019-09-19 22:21:20,476 - WARNING - Not Found: /dictionary/protected_media/
2019-09-19 22:21:20,505 - WARNING - Not Found: /dictionary/protected_media/
2019-09-19 22:21:20,511 - WARNING - Not Found: /dictionary/protected_media/
2019-09-19 22:21:20,525 - WARNING - Not Found: /dictionary/protected_media/
2019-09-19 22:21:20,534 - WARNING - Not Found: /dictionary/protected_media/
2019-09-19 22:21:20,686 - WARNING - Not Found: /dictionary/protected_media/
2019-09-19 22:21:20,712 - WARNING - Not Found: /dictionary/protected_media/
2019-09-19 22:21:20,715 - WARNING - Not Found: /dictionary/protected_media/
2019-09-19 22:21:20,730 - WARNING - Not Found: /dictionary/protected_media/
2019-09-19 22:21:20,745 - WARNING - Not Found: /dictionary/protected_media/
2019-09-19 22:21:20,771 - WARNING - Not Found: /dictionary/protected_media/
2019-09-19 22:21:20,815 - WARNING - Not Found: /dictionary/protected_media/
2019-09-19 22:21:20,816 - WARNING - Not Found: /dictionary/protected_media/None/
2019-09-19 22:21:23,537 - WARNING - Not Found: /dictionary/protected_media/glossimage/sw3447.jpg/
2019-09-19 22:21:34,674 - WARNING - Not Found: /dictionary/protected_media/glossimage/sw3447.jpg/
2019-09-19 22:21:40,575 - ERROR - Internal Server Error: /video/upload/
Traceback (most recent call last):
  File "/var/www/signbank/lib/python3.5/site-packages/django/db/backends/utils.py", line 65, in execute
    return self.cursor.execute(sql, params)
  File "/var/www/signbank/lib/python3.5/site-packages/django/db/backends/mysql/base.py", line 101, in execute
    return self.cursor.execute(query, args)
  File "/var/www/signbank/lib/python3.5/site-packages/MySQLdb/cursors.py", line 250, in execute
    self.errorhandler(self, exc, value)
  File "/var/www/signbank/lib/python3.5/site-packages/MySQLdb/connections.py", line 50, in defaulterrorhandler
    raise errorvalue
  File "/var/www/signbank/lib/python3.5/site-packages/MySQLdb/cursors.py", line 247, in execute
    res = self._query(query)
  File "/var/www/signbank/lib/python3.5/site-packages/MySQLdb/cursors.py", line 411, in _query
    rowcount = self._do_query(q)
  File "/var/www/signbank/lib/python3.5/site-packages/MySQLdb/cursors.py", line 374, in _do_query
    db.query(q)
  File "/var/www/signbank/lib/python3.5/site-packages/MySQLdb/connections.py", line 277, in query
    _mysql.connection.query(self, query)
_mysql_exceptions.IntegrityError: (1364, "Field 'version' doesn't have a default value")

The above exception was the direct cause of the following exception:

Traceback (most recent call last):
  File "/var/www/signbank/lib/python3.5/site-packages/django/core/handlers/exception.py", line 41, in inner
    response = get_response(request)
  File "/var/www/signbank/lib/python3.5/site-packages/django/core/handlers/base.py", line 249, in _legacy_get_response
    response = self._get_response(request)
  File "/var/www/signbank/lib/python3.5/site-packages/django/core/handlers/base.py", line 187, in _get_response
    response = self.process_exception_by_middleware(e, request)
  File "/var/www/signbank/lib/python3.5/site-packages/django/core/handlers/base.py", line 185, in _get_response
    response = wrapped_callback(request, *callback_args, **callback_kwargs)
  File "/var/www/signbank/repo/signbank/video/views.py", line 50, in addvideo
    video.save()
  File "/var/www/signbank/lib/python3.5/site-packages/django/db/models/base.py", line 806, in save
    force_update=force_update, update_fields=update_fields)
  File "/var/www/signbank/lib/python3.5/site-packages/django/db/models/base.py", line 836, in save_base
    updated = self._save_table(raw, cls, force_insert, force_update, using, update_fields)
  File "/var/www/signbank/lib/python3.5/site-packages/django/db/models/base.py", line 922, in _save_table
    result = self._do_insert(cls._base_manager, using, fields, update_pk, raw)
  File "/var/www/signbank/lib/python3.5/site-packages/django/db/models/base.py", line 961, in _do_insert
    using=using, raw=raw)
  File "/var/www/signbank/lib/python3.5/site-packages/django/db/models/manager.py", line 85, in manager_method
    return getattr(self.get_queryset(), name)(*args, **kwargs)
  File "/var/www/signbank/lib/python3.5/site-packages/django/db/models/query.py", line 1060, in _insert
    return query.get_compiler(using=using).execute_sql(return_id)
  File "/var/www/signbank/lib/python3.5/site-packages/django/db/models/sql/compiler.py", line 1099, in execute_sql
    cursor.execute(sql, params)
  File "/var/www/signbank/lib/python3.5/site-packages/django/db/backends/utils.py", line 80, in execute
    return super(CursorDebugWrapper, self).execute(sql, params)
  File "/var/www/signbank/lib/python3.5/site-packages/django/db/backends/utils.py", line 65, in execute
    return self.cursor.execute(sql, params)
  File "/var/www/signbank/lib/python3.5/site-packages/django/db/utils.py", line 94, in __exit__
    six.reraise(dj_exc_type, dj_exc_value, traceback)
  File "/var/www/signbank/lib/python3.5/site-packages/django/utils/six.py", line 685, in reraise
    raise value.with_traceback(tb)
  File "/var/www/signbank/lib/python3.5/site-packages/django/db/backends/utils.py", line 65, in execute
    return self.cursor.execute(sql, params)
  File "/var/www/signbank/lib/python3.5/site-packages/django/db/backends/mysql/base.py", line 101, in execute
    return self.cursor.execute(query, args)
  File "/var/www/signbank/lib/python3.5/site-packages/MySQLdb/cursors.py", line 250, in execute
    self.errorhandler(self, exc, value)
  File "/var/www/signbank/lib/python3.5/site-packages/MySQLdb/connections.py", line 50, in defaulterrorhandler
    raise errorvalue
  File "/var/www/signbank/lib/python3.5/site-packages/MySQLdb/cursors.py", line 247, in execute
    res = self._query(query)
  File "/var/www/signbank/lib/python3.5/site-packages/MySQLdb/cursors.py", line 411, in _query
    rowcount = self._do_query(q)
  File "/var/www/signbank/lib/python3.5/site-packages/MySQLdb/cursors.py", line 374, in _do_query
    db.query(q)
  File "/var/www/signbank/lib/python3.5/site-packages/MySQLdb/connections.py", line 277, in query
    _mysql.connection.query(self, query)
django.db.utils.IntegrityError: (1364, "Field 'version' doesn't have a default value")
2019-09-19 22:21:40,878 - WARNING - Not Found: /favicon.ico/
2019-09-19 22:22:15,371 - ERROR - Internal Server Error: /video/upload/
Traceback (most recent call last):
  File "/var/www/signbank/lib/python3.5/site-packages/django/core/handlers/exception.py", line 41, in inner
    response = get_response(request)
  File "/var/www/signbank/lib/python3.5/site-packages/django/core/handlers/base.py", line 249, in _legacy_get_response
    response = self._get_response(request)
  File "/var/www/signbank/lib/python3.5/site-packages/django/core/handlers/base.py", line 187, in _get_response
    response = self.process_exception_by_middleware(e, request)
  File "/var/www/signbank/lib/python3.5/site-packages/django/core/handlers/base.py", line 185, in _get_response
    response = wrapped_callback(request, *callback_args, **callback_kwargs)
  File "/var/www/signbank/repo/signbank/video/views.py", line 46, in addvideo
    GlossVideo.objects.filter(gloss=gloss).first().delete()
AttributeError: 'NoneType' object has no attribute 'delete'
2019-09-19 22:25:37,889 - WARNING - Not Found: /dictionary/protected_media/glossimage/sw3447.jpg/
2019-09-19 22:26:22,905 - WARNING - Not Found: /dictionary/protected_media/glossimage/sw3447.jpg/
2019-09-19 22:53:17,804 - WARNING - Session data corrupted
2019-09-19 22:53:22,853 - WARNING - Session data corrupted
2019-09-19 22:53:32,226 - WARNING - Not Found: /dictionary/protected_media/
2019-09-19 22:53:32,244 - WARNING - Not Found: /dictionary/protected_media/
2019-09-19 22:53:32,264 - WARNING - Not Found: /dictionary/protected_media/
2019-09-19 22:53:32,268 - WARNING - Not Found: /dictionary/protected_media/
2019-09-19 22:53:32,271 - WARNING - Not Found: /dictionary/protected_media/
2019-09-19 22:53:32,283 - WARNING - Not Found: /dictionary/protected_media/
2019-09-19 22:53:32,434 - WARNING - Not Found: /dictionary/protected_media/
2019-09-19 22:53:32,502 - WARNING - Not Found: /dictionary/protected_media/
2019-09-19 22:53:32,536 - WARNING - Not Found: /dictionary/protected_media/
2019-09-19 22:53:32,549 - WARNING - Not Found: /dictionary/protected_media/
2019-09-19 22:53:32,550 - WARNING - Not Found: /dictionary/protected_media/
2019-09-19 22:53:32,566 - WARNING - Not Found: /dictionary/protected_media/
2019-09-19 22:53:32,705 - WARNING - Not Found: /dictionary/protected_media/
2019-09-19 22:53:32,790 - WARNING - Not Found: /dictionary/protected_media/
2019-09-19 22:53:32,793 - WARNING - Not Found: /dictionary/protected_media/
2019-09-19 22:53:32,811 - WARNING - Not Found: /dictionary/protected_media/
2019-09-19 22:53:32,818 - WARNING - Not Found: /dictionary/protected_media/
2019-09-19 22:53:32,828 - WARNING - Not Found: /dictionary/protected_media/
2019-09-19 22:53:32,911 - WARNING - Not Found: /dictionary/protected_media/
2019-09-19 22:53:32,939 - WARNING - Not Found: /dictionary/protected_media/None/
2019-09-19 22:53:32,954 - WARNING - Not Found: /dictionary/protected_media/
2019-09-19 22:53:34,859 - WARNING - Not Found: /dictionary/protected_media/glossimage/sw3447.jpg/
2019-09-19 22:53:42,163 - WARNING - Not Found: /dictionary/protected_media/glossimage/sw3447.jpg/
2019-09-19 22:53:47,175 - WARNING - Not Found: /dictionary/protected_media/glossimage/sw3447.jpg/
2019-09-19 22:53:49,218 - WARNING - Not Found: /dictionary/protected_media/glossimage/sw3447.jpg/
2019-09-19 22:54:10,092 - WARNING - Not Found: /dictionary/protected_media/glossimage/sw3447.jpg/
2019-09-19 22:55:00,603 - WARNING - Not Found: /dictionary/protected_media/glossimage/sw3447.jpg/
2019-09-19 22:55:04,454 - WARNING - Not Found: /dictionary/protected_media/glossimage/sw3447.jpg/
2019-09-19 22:55:32,631 - WARNING - Not Found: /dictionary/protected_media/glossimage/sw3447.jpg/
2019-09-19 22:55:35,009 - WARNING - Not Found: /dictionary/protected_media/glossimage/sw3447.jpg/
2019-09-19 22:55:47,707 - WARNING - Not Found: /dictionary/protected_media/glossimage/sw3447.jpg/
2019-09-19 23:00:41,270 - WARNING - Not Found: /dictionary/protected_media/glossimage/sw3447.jpg/
2019-09-19 23:01:33,281 - WARNING - Not Found: /dictionary/protected_media/glossimage/sw3447.jpg/
2019-09-19 23:01:39,733 - WARNING - Not Found: /dictionary/protected_media/glossimage/sw3447.jpg/
2019-09-19 23:01:42,294 - WARNING - Not Found: /dictionary/protected_media/glossimage/sw3447.jpg/
2019-09-19 23:02:01,686 - WARNING - Not Found: /dictionary/protected_media/glossimage/sw3447.jpg/
2019-09-19 23:02:59,474 - WARNING - Not Found: /dictionary/protected_media/glossimage/sw3447.jpg/
2019-09-19 23:04:01,822 - WARNING - Not Found: /dictionary/protected_media/glossimage/sw3447.jpg/
2019-09-19 23:04:01,930 - WARNING - Not Found: /dictionary/protected_media/glossimage/sw3447.jpg/
2019-09-19 23:04:31,741 - WARNING - Not Found: /dictionary/protected_media/glossimage/sw3447.jpg/
2019-09-19 23:04:38,774 - WARNING - Not Found: /dictionary/protected_media/glossimage/sw3447.jpg/
2019-09-19 23:04:40,917 - WARNING - Not Found: /dictionary/protected_media/glossimage/sw3447.jpg/
2019-09-19 23:06:24,076 - WARNING - Not Found: /dictionary/protected_media/glossimage/sw3447.jpg/
2019-09-19 23:06:37,394 - WARNING - Not Found: /dictionary/protected_media/glossimage/sw3447.jpg/
2019-09-19 23:06:41,836 - WARNING - Not Found: /dictionary/protected_media/glossimage/sw3447.jpg/
2019-09-19 23:06:43,539 - WARNING - Not Found: /dictionary/protected_media/glossimage/sw3447.jpg/
2019-09-19 23:07:45,285 - ERROR - The joined path (/glossvideos/A-/A-VISTA-3447.mp4) is located outside of the base path component (/var/www/signbank/writable)
2019-09-19 23:07:45,610 - WARNING - Not Found: /favicon.ico/
2019-09-19 23:08:00,588 - WARNING - Not Found: /dictionary/protected_media/glossimage/sw3447.jpg/
2019-09-19 23:08:44,297 - WARNING - Not Found: /dictionary/protected_media/glossimage/sw3447.jpg/
2019-09-19 23:12:01,176 - WARNING - Not Found: /dictionary/protected_media/glossimage/sw3447.jpg/
